C:\USERS\STUDENT\DESKTOP\SRC\DEMO PROJECTS\ESCAPETHEMAZE\DEMO-STRUCTURE\DEBUG\MAIN.CPP.NATIVECODEANALYSIS.XML
C:\USERS\STUDENT\DESKTOP\SRC\DEMO PROJECTS\ESCAPETHEMAZE\DEMO-STRUCTURE\DEBUG\MAIN.OBJ
C:\USERS\STUDENT\DESKTOP\SRC\DEMO PROJECTS\ESCAPETHEMAZE\DEMO-STRUCTURE\DEBUG\VC110.PDB
C:\Users\Student\Desktop\src\Demo Projects\EscapeTheMaze\Demo-Structure\Debug\main.obj
C:\Users\Student\Desktop\src\Demo Projects\EscapeTheMaze\Demo-Structure\Debug\cl.command.1.tlog
C:\Users\Student\Desktop\src\Demo Projects\EscapeTheMaze\Demo-Structure\Debug\CL.read.1.tlog
C:\Users\Student\Desktop\src\Demo Projects\EscapeTheMaze\Demo-Structure\Debug\CL.write.1.tlog
C:\Users\Student\Desktop\src\Demo Projects\EscapeTheMaze\Demo-Structure\Debug\link-cvtres.read.1.tlog
C:\Users\Student\Desktop\src\Demo Projects\EscapeTheMaze\Demo-Structure\Debug\link-cvtres.write.1.tlog
C:\Users\Student\Desktop\src\Demo Projects\EscapeTheMaze\Demo-Structure\Debug\link-rc.read.1.tlog
C:\Users\Student\Desktop\src\Demo Projects\EscapeTheMaze\Demo-Structure\Debug\link-rc.write.1.tlog
C:\Users\Student\Desktop\src\Demo Projects\EscapeTheMaze\Demo-Structure\Debug\link.command.1.tlog
C:\Users\Student\Desktop\src\Demo Projects\EscapeTheMaze\Demo-Structure\Debug\link.read.1.tlog
C:\Users\Student\Desktop\src\Demo Projects\EscapeTheMaze\Demo-Structure\Debug\link.write.1.tlog
C:\Users\Student\Desktop\src\Demo Projects\EscapeTheMaze\Demo-Structure\Debug\NativeCodeAnalysis.read.1.tlog
C:\Users\Student\Desktop\src\Demo Projects\EscapeTheMaze\Demo-Structure\Debug\vc110.idb
C:\Users\Student\Desktop\src\Demo Projects\EscapeTheMaze\Demo-Structure\Debug\vc110.pdb
C:\Users\Student\Desktop\src\Demo Projects\EscapeTheMaze\Demo-Structure\Debug\main.cpp.nativecodeanalysis.xml
C:\Users\Student\Desktop\src\Demo Projects\EscapeTheMaze\Demo-Structure\Debug\vc.nativecodeanalysis.all.xml
C:\Users\Student\Desktop\src\Demo Projects\EscapeTheMaze\Debug\Demo-Structure.pdb
C:\Users\Student\Desktop\src\Demo Projects\EscapeTheMaze\Debug\Demo-Structure.exe.lastcodeanalysissucceeded
